#
# There is insufficient memory for the Java Runtime Environment to continue.
# Native memory allocation (malloc) failed to allocate 342960 bytes for Chunk::new
# Possible reasons:
#   The system is out of physical RAM or swap space
#   The process is running with CompressedOops enabled, and the Java Heap may be blocking the growth of the native heap
# Possible solutions:
#   Reduce memory load on the system
#   Increase physical memory or swap space
#   Check if swap backing store is full
#   Decrease Java heap size (-Xmx/-Xms)
#   Decrease number of Java threads
#   Decrease Java thread stack sizes (-Xss)
#   Set larger code cache with -XX:ReservedCodeCacheSize=
#   JVM is running with Unscaled Compressed Oops mode in which the Java heap is
#     placed in the first 4GB address space. The Java Heap base address is the
#     maximum limit for the native heap growth. Please use -XX:HeapBaseMinAddress
#     to set the Java Heap base and to place the Java Heap above 4GB virtual address.
# This output file may be truncated or incomplete.
#
#  Out of Memory Error (allocation.cpp:389), pid=16596, tid=0x00000000000009d4
#
# JRE version: OpenJDK Runtime Environment (8.0_242-b01) (build 1.8.0_242-release-1644-b01)
# Java VM: OpenJDK 64-Bit Server VM (25.242-b01 mixed mode windows-amd64 compressed oops)
# Failed to write core dump. Minidumps are not enabled by default on client versions of Windows
#

---------------  T H R E A D  ---------------

Current thread (0x0000000017492000):  JavaThread "C2 CompilerThread0" daemon [_thread_in_native, id=2516, stack(0x0000000018ae0000,0x0000000018be0000)]

Stack: [0x0000000018ae0000,0x0000000018be0000]
[error occurred during error reporting (printing stack bounds), id 0xc0000005]

Native frames: (J=compiled Java code, j=interpreted, Vv=VM code, C=native code)


Current CompileTask:
C2:   7927 3670       4       sun.net.www.protocol.jar.Handler::parseURL (223 bytes)


---------------  P R O C E S S  ---------------

Java Threads: ( => current thread )
  0x000000001e8ba000 JavaThread "Build operations Thread 4" [_thread_blocked, id=16116, stack(0x0000000021dd0000,0x0000000021ed0000)]
  0x000000001e8be800 JavaThread "Build operations Thread 3" [_thread_blocked, id=4692, stack(0x0000000021cd0000,0x0000000021dd0000)]
  0x000000001e8be000 JavaThread "Build operations Thread 2" [_thread_blocked, id=6124, stack(0x0000000021bd0000,0x0000000021cd0000)]
  0x000000001e8b9800 JavaThread "Build operations" [_thread_blocked, id=13812, stack(0x0000000021ad0000,0x0000000021bd0000)]
  0x000000001b07d800 JavaThread "Cache worker for execution history cache (C:\Users\Egor\.gradle\caches\6.1.1\executionHistory)" [_thread_blocked, id=6176, stack(0x0000000020dd0000,0x0000000020ed0000)]
  0x000000001b080800 JavaThread "Cache worker for cache directory md-rule (C:\Users\Egor\.gradle\caches\6.1.1\md-rule)" [_thread_blocked, id=8240, stack(0x0000000020cd0000,0x0000000020dd0000)]
  0x000000001b082800 JavaThread "Cache worker for cache directory md-supplier (C:\Users\Egor\.gradle\caches\6.1.1\md-supplier)" [_thread_blocked, id=11656, stack(0x0000000020900000,0x0000000020a00000)]
  0x000000001b082000 JavaThread "Cache worker for file hash cache (C:\AndroidProjects\Kyle\.gradle\6.1.1\fileHashes)" [_thread_blocked, id=17344, stack(0x000000001f830000,0x000000001f930000)]
  0x000000001b07e000 JavaThread "Cache worker for checksums cache (C:\AndroidProjects\Kyle\.gradle\checksums)" [_thread_blocked, id=6148, stack(0x000000001f4b0000,0x000000001f5b0000)]
  0x000000001b07c800 JavaThread "Cache worker for file hash cache (C:\Users\Egor\.gradle\caches\6.1.1\fileHashes)" [_thread_blocked, id=13688, stack(0x000000001d210000,0x000000001d310000)]
  0x000000001b081000 JavaThread "File lock request listener" [_thread_in_native, id=11520, stack(0x000000001d110000,0x000000001d210000)]
  0x000000001afeb800 JavaThread "Cache worker for journal cache (C:\Users\Egor\.gradle\caches\journal-1)" [_thread_blocked, id=11368, stack(0x000000001d010000,0x000000001d110000)]
  0x000000001af8a800 JavaThread "Thread-9" [_thread_blocked, id=896, stack(0x000000001cd10000,0x000000001ce10000)]
  0x000000001af89800 JavaThread "Stdin handler" [_thread_blocked, id=16080, stack(0x000000001cc10000,0x000000001cd10000)]
  0x000000001af09000 JavaThread "Asynchronous log dispatcher for DefaultDaemonConnection: socket connection from /127.0.0.1:11899 to /127.0.0.1:11900" [_thread_blocked, id=17976, stack(0x000000001cb10000,0x000000001cc10000)]
  0x000000001af06000 JavaThread "Daemon worker" [_thread_blocked, id=16668, stack(0x000000001ca10000,0x000000001cb10000)]
  0x000000001af05800 JavaThread "Cancel handler" [_thread_blocked, id=13512, stack(0x000000001c910000,0x000000001ca10000)]
  0x000000001aefb000 JavaThread "Handler for socket connection from /127.0.0.1:11899 to /127.0.0.1:11900" [_thread_in_native, id=14912, stack(0x000000001c610000,0x000000001c710000)]
  0x000000001af0c000 JavaThread "Daemon" [_thread_blocked, id=13636, stack(0x000000001c510000,0x000000001c610000)]
  0x000000001ae95800 JavaThread "Daemon periodic checks" [_thread_blocked, id=1972, stack(0x000000001c410000,0x000000001c510000)]
  0x000000001ae94000 JavaThread "Incoming local TCP Connector on port 11899" [_thread_in_native, id=15292, stack(0x000000001c1c0000,0x000000001c2c0000)]
  0x000000001adc9000 JavaThread "Daemon health stats" [_thread_blocked, id=17328, stack(0x000000001bb80000,0x000000001bc80000)]
  0x00000000174ee800 JavaThread "Service Thread" daemon [_thread_blocked, id=5404, stack(0x00000000191e0000,0x00000000192e0000)]
  0x00000000174b1800 JavaThread "C1 CompilerThread2" daemon [_thread_blocked, id=15284, stack(0x0000000018ce0000,0x0000000018de0000)]
  0x000000001749a800 JavaThread "C2 CompilerThread1" daemon [_thread_blocked, id=14396, stack(0x0000000018be0000,0x0000000018ce0000)]
=>0x0000000017492000 JavaThread "C2 CompilerThread0" daemon [_thread_in_native, id=2516, stack(0x0000000018ae0000,0x0000000018be0000)]
  0x0000000017490800 JavaThread "Attach Listener" daemon [_thread_blocked, id=8760, stack(0x00000000189e0000,0x0000000018ae0000)]
  0x0000000017497000 JavaThread "Signal Dispatcher" daemon [_thread_blocked, id=10904, stack(0x00000000188e0000,0x00000000189e0000)]
  0x000000000286b000 JavaThread "Finalizer" daemon [_thread_blocked, id=5440, stack(0x00000000186e0000,0x00000000187e0000)]
  0x0000000017479000 JavaThread "Reference Handler" daemon [_thread_blocked, id=7304, stack(0x00000000185e0000,0x00000000186e0000)]
  0x000000000266e000 JavaThread "main" [_thread_blocked, id=15108, stack(0x0000000002670000,0x0000000002770000)]

Other Threads:
  0x0000000017456800 VMThread [stack: 0x00000000184e0000,0x00000000185e0000] [id=14140]
  0x0000000018de9800 WatcherThread [stack: 0x00000000192e0000,0x00000000193e0000] [id=13668]

VM state:at safepoint (normal execution)

VM Mutex/Monitor currently owned by a thread:  ([mutex/lock_event])
[0x000000000266d130] Threads_lock - owner thread: 0x0000000017456800
[0x000000000266cbb0] Heap_lock - owner thread: 0x000000001af06000

heap address: 0x0000000080000000, size: 2048 MB, Compressed Oops mode: 32-bit
Narrow klass base: 0x0000000000000000, Narrow klass shift: 3
Compressed class space size: 1073741824 Address: 0x0000000100000000

Heap:
 PSYoungGen      total 121344K, used 6040K [0x00000000d5580000, 0x00000000dd900000, 0x0000000100000000)
  eden space 111104K, 0% used [0x00000000d5580000,0x00000000d5580000,0x00000000dc200000)
  from space 10240K, 58% used [0x00000000dcf00000,0x00000000dd4e6388,0x00000000dd900000)
  to   space 11776K, 0% used [0x00000000dc200000,0x00000000dc200000,0x00000000dcd80000)
 ParOldGen       total 130560K, used 15327K [0x0000000080000000, 0x0000000087f80000, 0x00000000d5580000)
  object space 130560K, 11% used [0x0000000080000000,0x0000000080ef7f00,0x0000000087f80000)
 Metaspace       used 36705K, capacity 37880K, committed 37936K, reserved 1085440K
  class space    used 5060K, capacity 5375K, committed 5424K, reserved 1048576K

Card table byte_map: [0x0000000011c30000,0x0000000012040000] byte_map_base: 0x0000000011830000

Marking Bits: (ParMarkBitMap*) 0x0000000054c6f030
 Begin Bits: [0x00000000126f0000, 0x00000000146f0000)
 End Bits:   [0x00000000146f0000, 0x00000000166f0000)

Polling page: 0x0000000002540000

CodeCache: size=245760Kb used=12868Kb max_used=12875Kb free=232892Kb
 bounds [0x0000000002870000, 0x0000000003510000, 0x0000000011870000]
 total_blobs=4345 nmethods=3640 adapters=617
 compilation: enabled

Compilation events (10 events):
Event: 7.875 Thread 0x000000001749a800 3674       4       sun.misc.PerfCounter::addElapsedTimeFrom (10 bytes)
Event: 7.877 Thread 0x000000001749a800 nmethod 3674 0x0000000003505690 code [0x00000000035057e0, 0x0000000003505a58]
Event: 7.881 Thread 0x000000001749a800 3675       4       java.util.concurrent.locks.ReentrantLock::unlock (10 bytes)
Event: 7.883 Thread 0x000000001749a800 nmethod 3675 0x0000000003505250 code [0x00000000035053a0, 0x0000000003505528]
Event: 7.885 Thread 0x000000001749a800 3676       4       java.util.HashSet::contains (9 bytes)
Event: 7.890 Thread 0x000000001749a800 nmethod 3676 0x0000000003508c90 code [0x0000000003508e20, 0x0000000003509378]
Event: 7.895 Thread 0x00000000174b1800 3677       3       java.util.AbstractCollection::toArray (70 bytes)
Event: 7.895 Thread 0x00000000174b1800 nmethod 3677 0x0000000003506910 code [0x0000000003506b00, 0x0000000003507488]
Event: 7.900 Thread 0x00000000174b1800 3678       3       com.google.common.collect.MapMakerInternalMap::segmentFor (17 bytes)
Event: 7.900 Thread 0x00000000174b1800 nmethod 3678 0x0000000003504e90 code [0x0000000003504fe0, 0x0000000003505170]

GC Heap History (10 events):
Event: 4.597 GC heap after
Heap after GC invocations=6 (full 1):
 PSYoungGen      total 76288K, used 8349K [0x00000000d5580000, 0x00000000ddb00000, 0x0000000100000000)
  eden space 65536K, 0% used [0x00000000d5580000,0x00000000d5580000,0x00000000d9580000)
  from space 10752K, 77% used [0x00000000d9580000,0x00000000d9da74b0,0x00000000da000000)
  to   space 12288K, 0% used [0x00000000dcf00000,0x00000000dcf00000,0x00000000ddb00000)
 ParOldGen       total 90624K, used 7241K [0x0000000080000000, 0x0000000085880000, 0x00000000d5580000)
  object space 90624K, 7% used [0x0000000080000000,0x00000000807126b8,0x0000000085880000)
 Metaspace       used 28272K, capacity 28928K, committed 29232K, reserved 1075200K
  class space    used 3898K, capacity 4131K, committed 4144K, reserved 1048576K
}
Event: 6.010 GC heap before
{Heap before GC invocations=7 (full 1):
 PSYoungGen      total 76288K, used 73885K [0x00000000d5580000, 0x00000000ddb00000, 0x0000000100000000)
  eden space 65536K, 100% used [0x00000000d5580000,0x00000000d9580000,0x00000000d9580000)
  from space 10752K, 77% used [0x00000000d9580000,0x00000000d9da74b0,0x00000000da000000)
  to   space 12288K, 0% used [0x00000000dcf00000,0x00000000dcf00000,0x00000000ddb00000)
 ParOldGen       total 90624K, used 7241K [0x0000000080000000, 0x0000000085880000, 0x00000000d5580000)
  object space 90624K, 7% used [0x0000000080000000,0x00000000807126b8,0x0000000085880000)
 Metaspace       used 32370K, capacity 33132K, committed 33456K, reserved 1077248K
  class space    used 4420K, capacity 4677K, committed 4784K, reserved 1048576K
Event: 6.035 GC heap after
Heap after GC invocations=7 (full 1):
 PSYoungGen      total 121344K, used 8561K [0x00000000d5580000, 0x00000000dd900000, 0x0000000100000000)
  eden space 111104K, 0% used [0x00000000d5580000,0x00000000d5580000,0x00000000dc200000)
  from space 10240K, 83% used [0x00000000dcf00000,0x00000000dd75c528,0x00000000dd900000)
  to   space 11776K, 0% used [0x00000000dc200000,0x00000000dc200000,0x00000000dcd80000)
 ParOldGen       total 90624K, used 7249K [0x0000000080000000, 0x0000000085880000, 0x00000000d5580000)
  object space 90624K, 7% used [0x0000000080000000,0x00000000807146b8,0x0000000085880000)
 Metaspace       used 32370K, capacity 33132K, committed 33456K, reserved 1077248K
  class space    used 4420K, capacity 4677K, committed 4784K, reserved 1048576K
}
Event: 6.843 GC heap before
{Heap before GC invocations=8 (full 1):
 PSYoungGen      total 121344K, used 58174K [0x00000000d5580000, 0x00000000dd900000, 0x0000000100000000)
  eden space 111104K, 44% used [0x00000000d5580000,0x00000000d85f3600,0x00000000dc200000)
  from space 10240K, 83% used [0x00000000dcf00000,0x00000000dd75c528,0x00000000dd900000)
  to   space 11776K, 0% used [0x00000000dc200000,0x00000000dc200000,0x00000000dcd80000)
 ParOldGen       total 90624K, used 7249K [0x0000000080000000, 0x0000000085880000, 0x00000000d5580000)
  object space 90624K, 7% used [0x0000000080000000,0x00000000807146b8,0x0000000085880000)
 Metaspace       used 34576K, capacity 35412K, committed 35496K, reserved 1079296K
  class space    used 4743K, capacity 4975K, committed 5040K, reserved 1048576K
Event: 6.855 GC heap after
Heap after GC invocations=8 (full 1):
 PSYoungGen      total 122880K, used 8611K [0x00000000d5580000, 0x00000000dd900000, 0x0000000100000000)
  eden space 111104K, 0% used [0x00000000d5580000,0x00000000d5580000,0x00000000dc200000)
  from space 11776K, 73% used [0x00000000dc200000,0x00000000dca68ff0,0x00000000dcd80000)
  to   space 10240K, 0% used [0x00000000dcf00000,0x00000000dcf00000,0x00000000dd900000)
 ParOldGen       total 90624K, used 7257K [0x0000000080000000, 0x0000000085880000, 0x00000000d5580000)
  object space 90624K, 8% used [0x0000000080000000,0x00000000807166b8,0x0000000085880000)
 Metaspace       used 34576K, capacity 35412K, committed 35496K, reserved 1079296K
  class space    used 4743K, capacity 4975K, committed 5040K, reserved 1048576K
}
Event: 6.855 GC heap before
{Heap before GC invocations=9 (full 2):
 PSYoungGen      total 122880K, used 8611K [0x00000000d5580000, 0x00000000dd900000, 0x0000000100000000)
  eden space 111104K, 0% used [0x00000000d5580000,0x00000000d5580000,0x00000000dc200000)
  from space 11776K, 73% used [0x00000000dc200000,0x00000000dca68ff0,0x00000000dcd80000)
  to   space 10240K, 0% used [0x00000000dcf00000,0x00000000dcf00000,0x00000000dd900000)
 ParOldGen       total 90624K, used 7257K [0x0000000080000000, 0x0000000085880000, 0x00000000d5580000)
  object space 90624K, 8% used [0x0000000080000000,0x00000000807166b8,0x0000000085880000)
 Metaspace       used 34576K, capacity 35412K, committed 35496K, reserved 1079296K
  class space    used 4743K, capacity 4975K, committed 5040K, reserved 1048576K
Event: 6.910 GC heap after
Heap after GC invocations=9 (full 2):
 PSYoungGen      total 122880K, used 0K [0x00000000d5580000, 0x00000000dd900000, 0x0000000100000000)
  eden space 111104K, 0% used [0x00000000d5580000,0x00000000d5580000,0x00000000dc200000)
  from space 11776K, 0% used [0x00000000dc200000,0x00000000dc200000,0x00000000dcd80000)
  to   space 10240K, 0% used [0x00000000dcf00000,0x00000000dcf00000,0x00000000dd900000)
 ParOldGen       total 130560K, used 15327K [0x0000000080000000, 0x0000000087f80000, 0x00000000d5580000)
  object space 130560K, 11% used [0x0000000080000000,0x0000000080ef7f00,0x0000000087f80000)
 Metaspace       used 34576K, capacity 35412K, committed 35496K, reserved 1079296K
  class space    used 4743K, capacity 4975K, committed 5040K, reserved 1048576K
}
Event: 7.912 GC heap before
{Heap before GC invocations=10 (full 2):
 PSYoungGen      total 122880K, used 51369K [0x00000000d5580000, 0x00000000dd900000, 0x0000000100000000)
  eden space 111104K, 46% used [0x00000000d5580000,0x00000000d87aa688,0x00000000dc200000)
  from space 11776K, 0% used [0x00000000dc200000,0x00000000dc200000,0x00000000dcd80000)
  to   space 10240K, 0% used [0x00000000dcf00000,0x00000000dcf00000,0x00000000dd900000)
 ParOldGen       total 130560K, used 15327K [0x0000000080000000, 0x0000000087f80000, 0x00000000d5580000)
  object space 130560K, 11% used [0x0000000080000000,0x0000000080ef7f00,0x0000000087f80000)
 Metaspace       used 36705K, capacity 37880K, committed 37936K, reserved 1085440K
  class space    used 5060K, capacity 5375K, committed 5424K, reserved 1048576K
Event: 7.919 GC heap after
Heap after GC invocations=10 (full 2):
 PSYoungGen      total 121344K, used 6040K [0x00000000d5580000, 0x00000000dd900000, 0x0000000100000000)
  eden space 111104K, 0% used [0x00000000d5580000,0x00000000d5580000,0x00000000dc200000)
  from space 10240K, 58% used [0x00000000dcf00000,0x00000000dd4e6388,0x00000000dd900000)
  to   space 11776K, 0% used [0x00000000dc200000,0x00000000dc200000,0x00000000dcd80000)
 ParOldGen       total 130560K, used 15327K [0x0000000080000000, 0x0000000087f80000, 0x00000000d5580000)
  object space 130560K, 11% used [0x0000000080000000,0x0000000080ef7f00,0x0000000087f80000)
 Metaspace       used 36705K, capacity 37880K, committed 37936K, reserved 1085440K
  class space    used 5060K, capacity 5375K, committed 5424K, reserved 1048576K
}
Event: 7.919 GC heap before
{Heap before GC invocations=11 (full 3):
 PSYoungGen      total 121344K, used 6040K [0x00000000d5580000, 0x00000000dd900000, 0x0000000100000000)
  eden space 111104K, 0% used [0x00000000d5580000,0x00000000d5580000,0x00000000dc200000)
  from space 10240K, 58% used [0x00000000dcf00000,0x00000000dd4e6388,0x00000000dd900000)
  to   space 11776K, 0% used [0x00000000dc200000,0x00000000dc200000,0x00000000dcd80000)
 ParOldGen       total 130560K, used 15327K [0x0000000080000000, 0x0000000087f80000, 0x00000000d5580000)
  object space 130560K, 11% used [0x0000000080000000,0x0000000080ef7f00,0x0000000087f80000)
 Metaspace       used 36705K, capacity 37880K, committed 37936K, reserved 1085440K
  class space    used 5060K, capacity 5375K, committed 5424K, reserved 1048576K

Deoptimization events (10 events):
Event: 5.394 Thread 0x000000001af06000 Uncommon trap: reason=class_check action=maybe_recompile pc=0x0000000002f858f4 method=sun.misc.URLClassPath.getLoader(I)Lsun/misc/URLClassPath$Loader; @ 94
Event: 6.102 Thread 0x000000001af06000 Uncommon trap: reason=unstable_if action=reinterpret pc=0x0000000002cea814 method=java.util.WeakHashMap.expungeStaleEntries()V @ 66
Event: 6.122 Thread 0x000000001af06000 Uncommon trap: reason=range_check action=make_not_entrant pc=0x000000000326a040 method=java.lang.String.charAt(I)C @ 27
Event: 6.660 Thread 0x000000001af06000 Uncommon trap: reason=unstable_if action=reinterpret pc=0x0000000002f224bc method=jdk.internal.org.objectweb.asm.Type.getArgumentsAndReturnSizes(Ljava/lang/String;)I @ 88
Event: 7.174 Thread 0x000000001af06000 Uncommon trap: reason=unstable_if action=reinterpret pc=0x0000000002c47074 method=java.lang.String.lastIndexOf([CII[CIII)I @ 118
Event: 7.250 Thread 0x000000001e8ba000 Uncommon trap: reason=unstable_if action=reinterpret pc=0x0000000002df1774 method=java.util.concurrent.ConcurrentHashMap.putVal(Ljava/lang/Object;Ljava/lang/Object;Z)Ljava/lang/Object; @ 113
Event: 7.250 Thread 0x000000001e8ba000 Uncommon trap: reason=unstable_if action=reinterpret pc=0x0000000002d54714 method=java.util.concurrent.ConcurrentHashMap.addCount(JI)V @ 168
Event: 7.251 Thread 0x000000001e8ba000 Uncommon trap: reason=unstable_if action=reinterpret pc=0x000000000325bc58 method=java.util.concurrent.ConcurrentHashMap.get(Ljava/lang/Object;)Ljava/lang/Object; @ 86
Event: 7.520 Thread 0x000000001af06000 Uncommon trap: reason=unstable_if action=reinterpret pc=0x0000000002bd926c method=java.util.jar.JarFile.match([C[B[I[I)Z @ 29
Event: 7.750 Thread 0x000000001af06000 Uncommon trap: reason=unstable_if action=reinterpret pc=0x0000000002bd6f50 method=java.util.regex.Pattern.has(I)Z @ 6

Classes redefined (0 events):
No events

Internal exceptions (10 events):
Event: 7.754 Thread 0x000000001af8a800 Exception <a 'java/lang/NoSuchMethodError': <clinit>> (0x00000000d57763f0) thrown at [C:\src\AOSP-openjdk-git\hotspot\src\share\vm\prims\jni.cpp, line 1615]
Event: 7.754 Thread 0x000000001af8a800 Exception <a 'java/lang/NoSuchMethodError': <clinit>> (0x00000000d5777ce8) thrown at [C:\src\AOSP-openjdk-git\hotspot\src\share\vm\prims\jni.cpp, line 1615]
Event: 7.754 Thread 0x000000001af8a800 Exception <a 'java/lang/NoSuchMethodError': <clinit>> (0x00000000d5779210) thrown at [C:\src\AOSP-openjdk-git\hotspot\src\share\vm\prims\jni.cpp, line 1615]
Event: 7.759 Thread 0x000000001af8a800 Exception <a 'java/lang/NoSuchMethodError': <clinit>> (0x00000000d5783480) thrown at [C:\src\AOSP-openjdk-git\hotspot\src\share\vm\prims\jni.cpp, line 1615]
Event: 7.760 Thread 0x000000001af8a800 Exception <a 'java/lang/NoSuchMethodError': <clinit>> (0x00000000d578e3b8) thrown at [C:\src\AOSP-openjdk-git\hotspot\src\share\vm\prims\jni.cpp, line 1615]
Event: 7.762 Thread 0x000000001af8a800 Exception <a 'java/lang/NoSuchMethodError': <clinit>> (0x00000000d57a17c0) thrown at [C:\src\AOSP-openjdk-git\hotspot\src\share\vm\prims\jni.cpp, line 1615]
Event: 7.789 Thread 0x000000001af06000 Exception <a 'java/lang/ClassNotFoundException': build_c0lhs7dyphtvofqebpzxlrnxyBeanInfo> (0x00000000d81ed6c0) thrown at [C:\src\AOSP-openjdk-git\hotspot\src\share\vm\classfile\systemDictionary.cpp, line 210]
Event: 7.789 Thread 0x000000001af06000 Exception <a 'java/lang/ClassNotFoundException': build_c0lhs7dyphtvofqebpzxlrnxyCustomizer> (0x00000000d81fa848) thrown at [C:\src\AOSP-openjdk-git\hotspot\src\share\vm\classfile\systemDictionary.cpp, line 210]
Event: 7.800 Thread 0x000000001af06000 Exception <a 'java/lang/ClassNotFoundException': org/gradle/api/internal/plugins/DefaultObjectConfigurationActionBeanInfo> (0x00000000d82759a0) thrown at [C:\src\AOSP-openjdk-git\hotspot\src\share\vm\classfile\systemDictionary.cpp, line 210]
Event: 7.801 Thread 0x000000001af06000 Exception <a 'java/lang/ClassNotFoundException': org/gradle/api/internal/plugins/DefaultObjectConfigurationActionCustomizer> (0x00000000d82baf90) thrown at [C:\src\AOSP-openjdk-git\hotspot\src\share\vm\classfile\systemDictionary.cpp, line 210]

Events (10 events):
Event: 7.909 loading class com/google/common/collect/BiMap done
Event: 7.909 loading class com/google/common/collect/ImmutableBiMapFauxverideShim
Event: 7.909 loading class com/google/common/collect/ImmutableBiMapFauxverideShim done
Event: 7.910 loading class com/google/common/collect/ImmutableMap$1
Event: 7.910 loading class com/google/common/collect/ImmutableMap$1 done
Event: 7.910 loading class com/google/common/collect/ImmutableMap$MapViewOfValuesAsSingletonSets
Event: 7.910 loading class com/google/common/collect/ImmutableMap$MapViewOfValuesAsSingletonSets done
Event: 7.911 loading class com/google/common/collect/ImmutableMap$IteratorBasedImmutableMap
Event: 7.911 loading class com/google/common/collect/ImmutableMap$IteratorBasedImmutableMap done
Event: 7.911 Executing VM operation: CollectForMetadataAllocation


Dynamic libraries:
0x00007ff70e530000 - 0x00007ff70e561000 	C:\Program Files\Android\Android Studio\jre\bin\java.exe
0x00007ffe63300000 - 0x00007ffe634f0000 	C:\Windows\SYSTEM32\ntdll.dll
0x00007ffe61e00000 - 0x00007ffe61eb2000 	C:\Windows\System32\KERNEL32.DLL
0x00007ffe60720000 - 0x00007ffe609c5000 	C:\Windows\System32\KERNELBASE.dll
0x00007ffe62a00000 - 0x00007ffe62aa3000 	C:\Windows\System32\ADVAPI32.dll
0x00007ffe62df0000 - 0x00007ffe62e8e000 	C:\Windows\System32\msvcrt.dll
0x00007ffe61c30000 - 0x00007ffe61cc7000 	C:\Windows\System32\sechost.dll
0x00007ffe62780000 - 0x00007ffe6289f000 	C:\Windows\System32\RPCRT4.dll
0x00007ffe630f0000 - 0x00007ffe63284000 	C:\Windows\System32\USER32.dll
0x00007ffe60320000 - 0x00007ffe60341000 	C:\Windows\System32\win32u.dll
0x00007ffe629c0000 - 0x00007ffe629e6000 	C:\Windows\System32\GDI32.dll
0x00007ffe604a0000 - 0x00007ffe60638000 	C:\Windows\System32\gdi32full.dll
0x00007ffe60280000 - 0x00007ffe6031e000 	C:\Windows\System32\msvcp_win.dll
0x00007ffe60a30000 - 0x00007ffe60b2a000 	C:\Windows\System32\ucrtbase.dll
0x00007ffe4ec00000 - 0x00007ffe4ee84000 	C:\Windows\WinSxS\amd64_microsoft.windows.common-controls_6595b64144ccf1df_6.0.18362.1316_none_9e7a364fe461dbd7\COMCTL32.dll
0x00007ffe62ab0000 - 0x00007ffe62de7000 	C:\Windows\System32\combase.dll
0x00007ffe60640000 - 0x00007ffe606c1000 	C:\Windows\System32\bcryptPrimitives.dll
0x00007ffe63290000 - 0x00007ffe632be000 	C:\Windows\System32\IMM32.DLL
0x0000000056500000 - 0x00000000565d2000 	C:\Program Files\Android\Android Studio\jre\jre\bin\msvcr100.dll
0x00000000544a0000 - 0x0000000054ceb000 	C:\Program Files\Android\Android Studio\jre\jre\bin\server\jvm.dll
0x00007ffe628a0000 - 0x00007ffe628a8000 	C:\Windows\System32\PSAPI.DLL
0x00007ffe5c650000 - 0x00007ffe5c659000 	C:\Windows\SYSTEM32\WSOCK32.dll
0x00007ffe61b10000 - 0x00007ffe61b7f000 	C:\Windows\System32\WS2_32.dll
0x00007ffe5e1d0000 - 0x00007ffe5e1f4000 	C:\Windows\SYSTEM32\WINMM.dll
0x00007ffe59ec0000 - 0x00007ffe59eca000 	C:\Windows\SYSTEM32\VERSION.dll
0x00007ffe5e150000 - 0x00007ffe5e17d000 	C:\Windows\SYSTEM32\WINMMBASE.dll
0x00007ffe61360000 - 0x00007ffe613aa000 	C:\Windows\System32\cfgmgr32.dll
0x00007ffe5cc90000 - 0x00007ffe5cc9f000 	C:\Program Files\Android\Android Studio\jre\jre\bin\verify.dll
0x00007ffe58a30000 - 0x00007ffe58a59000 	C:\Program Files\Android\Android Studio\jre\jre\bin\java.dll
0x00007ffe58760000 - 0x00007ffe58776000 	C:\Program Files\Android\Android Studio\jre\jre\bin\zip.dll
0x00007ffe62000000 - 0x00007ffe626e8000 	C:\Windows\System32\SHELL32.dll
0x00007ffe62910000 - 0x00007ffe629b7000 	C:\Windows\System32\shcore.dll
0x00007ffe60b30000 - 0x00007ffe612ab000 	C:\Windows\System32\windows.storage.dll
0x00007ffe60250000 - 0x00007ffe60273000 	C:\Windows\System32\profapi.dll
0x00007ffe60200000 - 0x00007ffe6024a000 	C:\Windows\System32\powrprof.dll
0x00007ffe601b0000 - 0x00007ffe601c0000 	C:\Windows\System32\UMPDC.dll
0x00007ffe628b0000 - 0x00007ffe62902000 	C:\Windows\System32\shlwapi.dll
0x00007ffe601e0000 - 0x00007ffe601f1000 	C:\Windows\System32\kernel.appcore.dll
0x00007ffe606d0000 - 0x00007ffe606e7000 	C:\Windows\System32\cryptsp.dll
0x00007ffe58640000 - 0x00007ffe5865a000 	C:\Program Files\Android\Android Studio\jre\jre\bin\net.dll
0x00007ffe5f990000 - 0x00007ffe5f9f7000 	C:\Windows\system32\mswsock.dll
0x00007ffe58620000 - 0x00007ffe58633000 	C:\Program Files\Android\Android Studio\jre\jre\bin\nio.dll
0x00007ffe3fc40000 - 0x00007ffe3fc66000 	C:\Users\Egor\.gradle\native\31\windows-amd64\native-platform.dll
0x00007ffe5ca20000 - 0x00007ffe5ca2d000 	C:\Program Files\Android\Android Studio\jre\jre\bin\management.dll
0x00007ffe5f510000 - 0x00007ffe5f543000 	C:\Windows\system32\rsaenh.dll
0x00007ffe606f0000 - 0x00007ffe60716000 	C:\Windows\System32\bcrypt.dll
0x00007ffe600d0000 - 0x00007ffe600f5000 	C:\Windows\SYSTEM32\USERENV.dll
0x00007ffe5fb60000 - 0x00007ffe5fb6c000 	C:\Windows\SYSTEM32\CRYPTBASE.dll
0x00007ffe5f6a0000 - 0x00007ffe5f6da000 	C:\Windows\SYSTEM32\IPHLPAPI.DLL
0x00007ffe629f0000 - 0x00007ffe629f8000 	C:\Windows\System32\NSI.dll
0x00007ffe5afd0000 - 0x00007ffe5afe6000 	C:\Windows\SYSTEM32\dhcpcsvc6.DLL
0x00007ffe5afb0000 - 0x00007ffe5afcc000 	C:\Windows\SYSTEM32\dhcpcsvc.DLL
0x00007ffe5f6e0000 - 0x00007ffe5f7ab000 	C:\Windows\SYSTEM32\DNSAPI.dll

VM Arguments:
jvm_args: -Xmx2048m -Dfile.encoding=windows-1251 -Duser.country=RU -Duser.language=ru -Duser.variant 
java_command: org.gradle.launcher.daemon.bootstrap.GradleDaemon 6.1.1
java_class_path (initial): C:\Users\Egor\.gradle\wrapper\dists\gradle-6.1.1-all\cfmwm155h49vnt3hynmlrsdst\gradle-6.1.1\lib\gradle-launcher-6.1.1.jar
Launcher Type: SUN_STANDARD

Environment Variables:
JAVA_HOME=C:\Program Files\Android\Android Studio\jre
CLASSPATH=.;
PATH=C:\ProgramData\Oracle\Java\javapath;C:\Program Files\Java\jdk-13.0.2\bin;C:\Program Files\Git\bin\;C:\Program Files\Git\cmd\;C:\Program Files\NVIDIA Corporation\NVIDIA NvDLISR;C:\Program Files\nodejs\;C:\ProgramData\chocolatey\bin;C:\Windows\System32;C:\Program Files\MySQL\MySQL Shell 8.0\bin\;C:\Users\Егор\AppData\Local\Microsoft\WindowsApps;C:\Users\Егор\AppData\Local\GitHubDesktop\bin;C:\Program Files (x86)\OpenVPN\bin;C:\Users\Egor\AppData\Local\GitHubDesktop\bin;C:\Program Files\JetBrains\WebStorm 2020.3.2\bin;;C:\Users\Egor\AppData\Roaming\npm;C:\SDK\platform-tools;;C:\Program Files\JetBrains\DataGrip 2020.3.2\bin;
USERNAME=Egor
OS=Windows_NT
PROCESSOR_IDENTIFIER=Intel64 Family 6 Model 94 Stepping 3, GenuineIntel



---------------  S Y S T E M  ---------------

OS: Windows 10.0 , 64 bit Build 18362 (10.0.18362.1316)

CPU:total 4 (initial active 4) (4 cores per cpu, 1 threads per core) family 6 model 94 stepping 3, cmov, cx8, fxsr, mmx, sse, sse2, sse3, ssse3, sse4.1, sse4.2, popcnt, avx, avx2, aes, clmul, erms, 3dnowpref, lzcnt, tsc, tscinvbit, bmi1, bmi2, adx

Memory: 4k page, physical 16731768k(3008684k free), swap 20827768k(68k free)

vm_info: OpenJDK 64-Bit Server VM (25.242-b01) for windows-amd64 JRE (1.8.0_242-release-1644-b01), built by "builder" with MS VC++ 10.0 (VS2010)

time: Fri Feb 05 21:51:56 2021
timezone: Омское стандартное время
elapsed time: 7 seconds (0d 0h 0m 7s)

